{"name": "Login with valid credentials -- @1.1 ", "status": "broken", "statusDetails": {"message": "selenium.common.exceptions.NoSuchElementException: Message: no such element: Unable to locate element: {\"method\":\"link text\",\"selector\":\"Edit your account information\"}\n  (Session info: MicrosoftEdge=134.0.3124.72); For documentation on this error, please visit: https://www.selenium.dev/documentation/webdriver/troubleshooting/errors#no-such-element-exception\nStacktrace:\n\tGetHandleVerifier [0x00007FF7D465AA95+20677]\n\tsimdutf::get_active_implementation [0x00007FF7D45B7240+492672]\n\tMicrosoft::Applications::Events::EventProperty::to_string [0x00007FF7D48ADCAA+1807418]\n\t(No symbol) [0x00007FF7D43F72AC]\n\t(No symbol) [0x00007FF7D43F758B]\n\t(No symbol) [0x00007FF7D44385A7]\n\t(No symbol) [0x00007FF7D441849F]\n\t(No symbol) [0x00007FF7D43ED6ED]\n\t(No symbol) [0x00007FF7D4435D61]\n\t(No symbol) [0x00007FF7D44181C3]\n\t(No symbol) [0x00007FF7D43ECC36]\n\t(No symbol) [0x00007FF7D43EC0C4]\n\t(No symbol) [0x00007FF7D43ECA63]\n\t(No symbol) [0x00007FF7D44D5B7D]\n\t(No symbol) [0x00007FF7D44E1FE2]\n\t(No symbol) [0x00007FF7D44DA9A3]\n\tMicrosoft::Applications::Events::EventProperty::to_string [0x00007FF7D47347FA+262026]\n\tsimdutf::get_active_implementation [0x00007FF7D45C4971+547761]\n\tsimdutf::get_active_implementation [0x00007FF7D45BDC24+519780]\n\tsimdutf::get_active_implementation [0x00007FF7D45BDD69+520105]\n\tsimdutf::get_active_implementation [0x00007FF7D45AF916+461654]\n\tBaseThreadInitThunk [0x00007FFD9B4A7374+20]\n\tRtlUserThreadStart [0x00007FFD9D2FCC91+33]\n\n", "trace": "  File \"C:\\Users\\Asif\\PycharmProjects\\BDDBehaveDemoProject\\BehaveBDDHybridFrameworkWithPageObjectModel\\.venv\\Lib\\site-packages\\behave\\model.py\", line 1329, in run\n    match.run(runner.context)\n  File \"C:\\Users\\Asif\\PycharmProjects\\BDDBehaveDemoProject\\BehaveBDDHybridFrameworkWithPageObjectModel\\.venv\\Lib\\site-packages\\behave\\matchers.py\", line 98, in run\n    self.func(context, *args, **kwargs)\n  File \"features\\steps\\login.py\", line 30, in step_impl\n    assert context.account_page.display_status_edit_your_account_information_option()\n           ^^^^^^^^^^^^^^^^^^^^^^^^^^^^^^^^^^^^^^^^^^^^^^^^^^^^^^^^^^^^^^^^^^^^^^^^^^\n  File \"C:\\Users\\Asif\\PycharmProjects\\BDDBehaveDemoProject\\BehaveBDDHybridFrameworkWithPageObjectModel\\features\\pageObjects\\AccountPage.py\", line 11, in display_status_edit_your_account_information_option\n    return self.driver.find_element(By.LINK_TEXT, self.edit_your_account_information_option_link_text).is_displayed()\n           ^^^^^^^^^^^^^^^^^^^^^^^^^^^^^^^^^^^^^^^^^^^^^^^^^^^^^^^^^^^^^^^^^^^^^^^^^^^^^^^^^^^^^^^^^^^\n  File \"C:\\Users\\Asif\\PycharmProjects\\BDDBehaveDemoProject\\BehaveBDDHybridFrameworkWithPageObjectModel\\.venv\\Lib\\site-packages\\selenium\\webdriver\\remote\\webdriver.py\", line 898, in find_element\n    return self.execute(Command.FIND_ELEMENT, {\"using\": by, \"value\": value})[\"value\"]\n           ^^^^^^^^^^^^^^^^^^^^^^^^^^^^^^^^^^^^^^^^^^^^^^^^^^^^^^^^^^^^^^^^^\n  File \"C:\\Users\\Asif\\PycharmProjects\\BDDBehaveDemoProject\\BehaveBDDHybridFrameworkWithPageObjectModel\\.venv\\Lib\\site-packages\\selenium\\webdriver\\remote\\webdriver.py\", line 429, in execute\n    self.error_handler.check_response(response)\n  File \"C:\\Users\\Asif\\PycharmProjects\\BDDBehaveDemoProject\\BehaveBDDHybridFrameworkWithPageObjectModel\\.venv\\Lib\\site-packages\\selenium\\webdriver\\remote\\errorhandler.py\", line 232, in check_response\n    raise exception_class(message, screen, stacktrace)\n"}, "steps": [{"name": "Given I navigated to login page", "status": "passed", "start": 1742718111601, "stop": 1742718115750}, {"name": "When I enter valid email address as \"assifgshaikh@gmail.com\" and valid password as \"Asif@1995\" into the fields", "status": "passed", "start": 1742718115752, "stop": 1742718116485}, {"name": "And I click on Login button", "status": "passed", "start": 1742718116486, "stop": 1742718116673}, {"name": "Then I should get logged in", "status": "broken", "statusDetails": {"message": "selenium.common.exceptions.NoSuchElementException: Message: no such element: Unable to locate element: {\"method\":\"link text\",\"selector\":\"Edit your account information\"}\n  (Session info: MicrosoftEdge=134.0.3124.72); For documentation on this error, please visit: https://www.selenium.dev/documentation/webdriver/troubleshooting/errors#no-such-element-exception\nStacktrace:\n\tGetHandleVerifier [0x00007FF7D465AA95+20677]\n\tsimdutf::get_active_implementation [0x00007FF7D45B7240+492672]\n\tMicrosoft::Applications::Events::EventProperty::to_string [0x00007FF7D48ADCAA+1807418]\n\t(No symbol) [0x00007FF7D43F72AC]\n\t(No symbol) [0x00007FF7D43F758B]\n\t(No symbol) [0x00007FF7D44385A7]\n\t(No symbol) [0x00007FF7D441849F]\n\t(No symbol) [0x00007FF7D43ED6ED]\n\t(No symbol) [0x00007FF7D4435D61]\n\t(No symbol) [0x00007FF7D44181C3]\n\t(No symbol) [0x00007FF7D43ECC36]\n\t(No symbol) [0x00007FF7D43EC0C4]\n\t(No symbol) [0x00007FF7D43ECA63]\n\t(No symbol) [0x00007FF7D44D5B7D]\n\t(No symbol) [0x00007FF7D44E1FE2]\n\t(No symbol) [0x00007FF7D44DA9A3]\n\tMicrosoft::Applications::Events::EventProperty::to_string [0x00007FF7D47347FA+262026]\n\tsimdutf::get_active_implementation [0x00007FF7D45C4971+547761]\n\tsimdutf::get_active_implementation [0x00007FF7D45BDC24+519780]\n\tsimdutf::get_active_implementation [0x00007FF7D45BDD69+520105]\n\tsimdutf::get_active_implementation [0x00007FF7D45AF916+461654]\n\tBaseThreadInitThunk [0x00007FFD9B4A7374+20]\n\tRtlUserThreadStart [0x00007FFD9D2FCC91+33]\n\n", "trace": "  File \"C:\\Users\\Asif\\PycharmProjects\\BDDBehaveDemoProject\\BehaveBDDHybridFrameworkWithPageObjectModel\\.venv\\Lib\\site-packages\\behave\\model.py\", line 1329, in run\n    match.run(runner.context)\n  File \"C:\\Users\\Asif\\PycharmProjects\\BDDBehaveDemoProject\\BehaveBDDHybridFrameworkWithPageObjectModel\\.venv\\Lib\\site-packages\\behave\\matchers.py\", line 98, in run\n    self.func(context, *args, **kwargs)\n  File \"features\\steps\\login.py\", line 30, in step_impl\n    assert context.account_page.display_status_edit_your_account_information_option()\n           ^^^^^^^^^^^^^^^^^^^^^^^^^^^^^^^^^^^^^^^^^^^^^^^^^^^^^^^^^^^^^^^^^^^^^^^^^^\n  File \"C:\\Users\\Asif\\PycharmProjects\\BDDBehaveDemoProject\\BehaveBDDHybridFrameworkWithPageObjectModel\\features\\pageObjects\\AccountPage.py\", line 11, in display_status_edit_your_account_information_option\n    return self.driver.find_element(By.LINK_TEXT, self.edit_your_account_information_option_link_text).is_displayed()\n           ^^^^^^^^^^^^^^^^^^^^^^^^^^^^^^^^^^^^^^^^^^^^^^^^^^^^^^^^^^^^^^^^^^^^^^^^^^^^^^^^^^^^^^^^^^^\n  File \"C:\\Users\\Asif\\PycharmProjects\\BDDBehaveDemoProject\\BehaveBDDHybridFrameworkWithPageObjectModel\\.venv\\Lib\\site-packages\\selenium\\webdriver\\remote\\webdriver.py\", line 898, in find_element\n    return self.execute(Command.FIND_ELEMENT, {\"using\": by, \"value\": value})[\"value\"]\n           ^^^^^^^^^^^^^^^^^^^^^^^^^^^^^^^^^^^^^^^^^^^^^^^^^^^^^^^^^^^^^^^^^\n  File \"C:\\Users\\Asif\\PycharmProjects\\BDDBehaveDemoProject\\BehaveBDDHybridFrameworkWithPageObjectModel\\.venv\\Lib\\site-packages\\selenium\\webdriver\\remote\\webdriver.py\", line 429, in execute\n    self.error_handler.check_response(response)\n  File \"C:\\Users\\Asif\\PycharmProjects\\BDDBehaveDemoProject\\BehaveBDDHybridFrameworkWithPageObjectModel\\.venv\\Lib\\site-packages\\selenium\\webdriver\\remote\\errorhandler.py\", line 232, in check_response\n    raise exception_class(message, screen, stacktrace)\n"}, "attachments": [{"name": "failed_screenshot", "source": "03e801e4-9ca6-4327-be8d-4947b3072915-attachment.png", "type": "image/png"}], "start": 1742718116673, "stop": 1742718117755}], "parameters": [{"name": "email", "value": "assifgshaikh@gmail.com"}, {"name": "password", "value": "Asif@1995"}], "start": 1742718102723, "stop": 1742718120522, "uuid": "51dabef7-89d3-4b31-9fd8-06dfbf1f531e", "historyId": "85ecdbb4dc97d759215716b74502c4c7", "fullName": "Login functionality: Login with valid credentials", "labels": [{"name": "severity", "value": "normal"}, {"name": "tag", "value": "login"}, {"name": "feature", "value": "Login functionality"}, {"name": "framework", "value": "behave"}, {"name": "language", "value": "cpython3"}]}